
*** Running vivado
    with args -log imp_shift.vds -m64 -product Vivado -mode batch -messageDb vivado.pb -notrace -source imp_shift.tcl


****** Vivado v2019.1 (64-bit)
  **** SW Build 2552052 on Fri May 24 14:47:09 MDT 2019
  **** IP Build 2548770 on Fri May 24 18:01:18 MDT 2019
    ** Copyright 1986-2019 Xilinx, Inc. All Rights Reserved.

source imp_shift.tcl -notrace
Command: synth_design -top imp_shift -part xc7a100tcsg324-1
Starting synth_design
Attempting to get a license for feature 'Synthesis' and/or device 'xc7a100t'
INFO: [Common 17-349] Got license for feature 'Synthesis' and/or device 'xc7a100t'
INFO: [Device 21-403] Loading part xc7a100tcsg324-1
INFO: Launching helper process for spawning children vivado processes
INFO: Helper process launched with PID 143335 
---------------------------------------------------------------------------------
Starting RTL Elaboration : Time (s): cpu = 00:00:03 ; elapsed = 00:00:04 . Memory (MB): peak = 1776.031 ; gain = 153.719 ; free physical = 927 ; free virtual = 4060
---------------------------------------------------------------------------------
INFO: [Synth 8-6157] synthesizing module 'imp_shift' [/home/rur1k/Vpro/shift_freqDivider_Lab/src/FPGA_imp/modules/imp_shift.sv:4]
INFO: [Synth 8-6157] synthesizing module 'shift_reg' [/home/rur1k/Vpro/shift_freqDivider_Lab/src/shift_reg/modules/Shift_reg.sv:1]
INFO: [Synth 8-6155] done synthesizing module 'shift_reg' (1#1) [/home/rur1k/Vpro/shift_freqDivider_Lab/src/shift_reg/modules/Shift_reg.sv:1]
INFO: [Synth 8-6157] synthesizing module 'sev_seg_controller' [/home/rur1k/Vpro/shift_freqDivider_Lab/src/sev_seg_dec/sev_seg_controller.sv:2]
	Parameter display_speed bound to: 20 - type: integer 
INFO: [Synth 8-6157] synthesizing module 'seven_seg_decoder' [/home/rur1k/Vpro/shift_freqDivider_Lab/src/sev_seg_dec/sev_seg_decoder.sv:1]
INFO: [Synth 8-6155] done synthesizing module 'seven_seg_decoder' (2#1) [/home/rur1k/Vpro/shift_freqDivider_Lab/src/sev_seg_dec/sev_seg_decoder.sv:1]
INFO: [Synth 8-6157] synthesizing module 'decoder' [/home/rur1k/Vpro/shift_freqDivider_Lab/src/sev_seg_dec/decoder.sv:1]
	Parameter n bound to: 3 - type: integer 
INFO: [Synth 8-6155] done synthesizing module 'decoder' (3#1) [/home/rur1k/Vpro/shift_freqDivider_Lab/src/sev_seg_dec/decoder.sv:1]
INFO: [Synth 8-6157] synthesizing module 'counter_n_bit' [/home/rur1k/Vpro/shift_freqDivider_Lab/src/sev_seg_dec/counter_n_bit.sv:1]
	Parameter n bound to: 20 - type: integer 
INFO: [Synth 8-6155] done synthesizing module 'counter_n_bit' (4#1) [/home/rur1k/Vpro/shift_freqDivider_Lab/src/sev_seg_dec/counter_n_bit.sv:1]
INFO: [Synth 8-6155] done synthesizing module 'sev_seg_controller' (5#1) [/home/rur1k/Vpro/shift_freqDivider_Lab/src/sev_seg_dec/sev_seg_controller.sv:2]
INFO: [Synth 8-6155] done synthesizing module 'imp_shift' (6#1) [/home/rur1k/Vpro/shift_freqDivider_Lab/src/FPGA_imp/modules/imp_shift.sv:4]
WARNING: [Synth 8-3917] design imp_shift has port DP driven by constant 1
WARNING: [Synth 8-3331] design imp_shift has unconnected port SW[15]
WARNING: [Synth 8-3331] design imp_shift has unconnected port SW[14]
WARNING: [Synth 8-3331] design imp_shift has unconnected port SW[13]
WARNING: [Synth 8-3331] design imp_shift has unconnected port SW[12]
WARNING: [Synth 8-3331] design imp_shift has unconnected port SW[11]
WARNING: [Synth 8-3331] design imp_shift has unconnected port SW[10]
WARNING: [Synth 8-3331] design imp_shift has unconnected port SW[9]
WARNING: [Synth 8-3331] design imp_shift has unconnected port SW[8]
WARNING: [Synth 8-3331] design imp_shift has unconnected port SW[7]
WARNING: [Synth 8-3331] design imp_shift has unconnected port SW[6]
WARNING: [Synth 8-3331] design imp_shift has unconnected port SW[5]
WARNING: [Synth 8-3331] design imp_shift has unconnected port SW[4]
WARNING: [Synth 8-3331] design imp_shift has unconnected port SW[3]
WARNING: [Synth 8-3331] design imp_shift has unconnected port SW[2]
---------------------------------------------------------------------------------
Finished RTL Elaboration : Time (s): cpu = 00:00:03 ; elapsed = 00:00:05 . Memory (MB): peak = 1829.781 ; gain = 207.469 ; free physical = 928 ; free virtual = 4063
---------------------------------------------------------------------------------

Report Check Netlist: 
+------+------------------+-------+---------+-------+------------------+
|      |Item              |Errors |Warnings |Status |Description       |
+------+------------------+-------+---------+-------+------------------+
|1     |multi_driven_nets |      0|        0|Passed |Multi driven nets |
+------+------------------+-------+---------+-------+------------------+
---------------------------------------------------------------------------------
Start Handling Custom Attributes
---------------------------------------------------------------------------------
---------------------------------------------------------------------------------
Finished Handling Custom Attributes : Time (s): cpu = 00:00:04 ; elapsed = 00:00:05 . Memory (MB): peak = 1833.750 ; gain = 211.438 ; free physical = 917 ; free virtual = 4062
---------------------------------------------------------------------------------
---------------------------------------------------------------------------------
Finished RTL Optimization Phase 1 : Time (s): cpu = 00:00:04 ; elapsed = 00:00:05 . Memory (MB): peak = 1833.750 ; gain = 211.438 ; free physical = 917 ; free virtual = 4062
---------------------------------------------------------------------------------
INFO: [Project 1-570] Preparing netlist for logic optimization

Processing XDC Constraints
Initializing timing engine
Parsing XDC File [/home/rur1k/Vpro/shift_freqDivider_Lab/src/constraints/Nexys-A7-100T-Master.xdc]
WARNING: [Vivado 12-507] No nets matched 'BTNC_IBUF'. [/home/rur1k/Vpro/shift_freqDivider_Lab/src/constraints/Nexys-A7-100T-Master.xdc:6]
CRITICAL WARNING: [Common 17-55] 'set_property' expects at least one object. [/home/rur1k/Vpro/shift_freqDivider_Lab/src/constraints/Nexys-A7-100T-Master.xdc:6]
Resolution: If [get_<value>] was used to populate the object, check to make sure this command returns at least one valid object.
Finished Parsing XDC File [/home/rur1k/Vpro/shift_freqDivider_Lab/src/constraints/Nexys-A7-100T-Master.xdc]
INFO: [Project 1-236] Implementation specific constraints were found while reading constraint file [/home/rur1k/Vpro/shift_freqDivider_Lab/src/constraints/Nexys-A7-100T-Master.xdc]. These constraints will be ignored for synthesis but will be used in implementation. Impacted constraints are listed in the file [.Xil/imp_shift_propImpl.xdc].
Resolution: To avoid this warning, move constraints listed in [.Xil/imp_shift_propImpl.xdc] to another XDC file and exclude this new file from synthesis with the used_in_synthesis property (File Properties dialog in GUI) and re-run elaboration/synthesis.
Completed Processing XDC Constraints

Netlist sorting complete. Time (s): cpu = 00:00:00 ; elapsed = 00:00:00 . Memory (MB): peak = 2006.406 ; gain = 0.000 ; free physical = 860 ; free virtual = 3996
INFO: [Project 1-111] Unisim Transformation Summary:
No Unisim elements were transformed.

Constraint Validation Runtime : Time (s): cpu = 00:00:00 ; elapsed = 00:00:00 . Memory (MB): peak = 2006.406 ; gain = 0.000 ; free physical = 860 ; free virtual = 3996
---------------------------------------------------------------------------------
Finished Constraint Validation : Time (s): cpu = 00:00:08 ; elapsed = 00:00:11 . Memory (MB): peak = 2006.406 ; gain = 384.094 ; free physical = 876 ; free virtual = 4036
---------------------------------------------------------------------------------
---------------------------------------------------------------------------------
Start Loading Part and Timing Information
---------------------------------------------------------------------------------
Loading part: xc7a100tcsg324-1
---------------------------------------------------------------------------------
Finished Loading Part and Timing Information : Time (s): cpu = 00:00:08 ; elapsed = 00:00:11 . Memory (MB): peak = 2006.406 ; gain = 384.094 ; free physical = 876 ; free virtual = 4036
---------------------------------------------------------------------------------
---------------------------------------------------------------------------------
Start Applying 'set_property' XDC Constraints
---------------------------------------------------------------------------------
---------------------------------------------------------------------------------
Finished applying 'set_property' XDC Constraints : Time (s): cpu = 00:00:08 ; elapsed = 00:00:11 . Memory (MB): peak = 2006.406 ; gain = 384.094 ; free physical = 879 ; free virtual = 4038
---------------------------------------------------------------------------------
---------------------------------------------------------------------------------
Finished RTL Optimization Phase 2 : Time (s): cpu = 00:00:08 ; elapsed = 00:00:11 . Memory (MB): peak = 2006.406 ; gain = 384.094 ; free physical = 878 ; free virtual = 4039
---------------------------------------------------------------------------------

Report RTL Partitions: 
+-+--------------+------------+----------+
| |RTL Partition |Replication |Instances |
+-+--------------+------------+----------+
+-+--------------+------------+----------+
---------------------------------------------------------------------------------
Start RTL Component Statistics 
---------------------------------------------------------------------------------
Detailed RTL Component Info : 
+---Registers : 
	                8 Bit    Registers := 1     
+---Muxes : 
	   2 Input      1 Bit        Muxes := 1     
---------------------------------------------------------------------------------
Finished RTL Component Statistics 
---------------------------------------------------------------------------------
---------------------------------------------------------------------------------
Start RTL Hierarchical Component Statistics 
---------------------------------------------------------------------------------
Hierarchical RTL Component report 
Module shift_reg 
Detailed RTL Component Info : 
+---Registers : 
	                8 Bit    Registers := 1     
Module counter_n_bit 
Detailed RTL Component Info : 
+---Muxes : 
	   2 Input      1 Bit        Muxes := 1     
---------------------------------------------------------------------------------
Finished RTL Hierarchical Component Statistics
---------------------------------------------------------------------------------
---------------------------------------------------------------------------------
Start Part Resource Summary
---------------------------------------------------------------------------------
Part Resources:
DSPs: 240 (col length:80)
BRAMs: 270 (col length: RAMB18 80 RAMB36 40)
---------------------------------------------------------------------------------
Finished Part Resource Summary
---------------------------------------------------------------------------------
---------------------------------------------------------------------------------
Start Cross Boundary and Area Optimization
---------------------------------------------------------------------------------
Warning: Parallel synthesis criteria is not met 
WARNING: [Synth 8-3917] design imp_shift has port DP driven by constant 1
WARNING: [Synth 8-3331] design imp_shift has unconnected port SW[15]
WARNING: [Synth 8-3331] design imp_shift has unconnected port SW[14]
WARNING: [Synth 8-3331] design imp_shift has unconnected port SW[13]
WARNING: [Synth 8-3331] design imp_shift has unconnected port SW[12]
WARNING: [Synth 8-3331] design imp_shift has unconnected port SW[11]
WARNING: [Synth 8-3331] design imp_shift has unconnected port SW[10]
WARNING: [Synth 8-3331] design imp_shift has unconnected port SW[9]
WARNING: [Synth 8-3331] design imp_shift has unconnected port SW[8]
WARNING: [Synth 8-3331] design imp_shift has unconnected port SW[7]
WARNING: [Synth 8-3331] design imp_shift has unconnected port SW[6]
WARNING: [Synth 8-3331] design imp_shift has unconnected port SW[5]
WARNING: [Synth 8-3331] design imp_shift has unconnected port SW[4]
WARNING: [Synth 8-3331] design imp_shift has unconnected port SW[3]
WARNING: [Synth 8-3331] design imp_shift has unconnected port SW[2]
---------------------------------------------------------------------------------
Finished Cross Boundary and Area Optimization : Time (s): cpu = 00:00:09 ; elapsed = 00:00:12 . Memory (MB): peak = 2006.406 ; gain = 384.094 ; free physical = 879 ; free virtual = 4042
---------------------------------------------------------------------------------

Report RTL Partitions: 
+-+--------------+------------+----------+
| |RTL Partition |Replication |Instances |
+-+--------------+------------+----------+
+-+--------------+------------+----------+
---------------------------------------------------------------------------------
Start Applying XDC Timing Constraints
---------------------------------------------------------------------------------
---------------------------------------------------------------------------------
Finished Applying XDC Timing Constraints : Time (s): cpu = 00:00:14 ; elapsed = 00:00:17 . Memory (MB): peak = 2006.406 ; gain = 384.094 ; free physical = 779 ; free virtual = 3929
---------------------------------------------------------------------------------
---------------------------------------------------------------------------------
Start Timing Optimization
---------------------------------------------------------------------------------
---------------------------------------------------------------------------------
Finished Timing Optimization : Time (s): cpu = 00:00:14 ; elapsed = 00:00:17 . Memory (MB): peak = 2006.406 ; gain = 384.094 ; free physical = 772 ; free virtual = 3921
---------------------------------------------------------------------------------

Report RTL Partitions: 
+-+--------------+------------+----------+
| |RTL Partition |Replication |Instances |
+-+--------------+------------+----------+
+-+--------------+------------+----------+
---------------------------------------------------------------------------------
Start Technology Mapping
---------------------------------------------------------------------------------
---------------------------------------------------------------------------------
Finished Technology Mapping : Time (s): cpu = 00:00:14 ; elapsed = 00:00:17 . Memory (MB): peak = 2006.406 ; gain = 384.094 ; free physical = 772 ; free virtual = 3921
---------------------------------------------------------------------------------

Report RTL Partitions: 
+-+--------------+------------+----------+
| |RTL Partition |Replication |Instances |
+-+--------------+------------+----------+
+-+--------------+------------+----------+
---------------------------------------------------------------------------------
Start IO Insertion
---------------------------------------------------------------------------------
---------------------------------------------------------------------------------
Start Flattening Before IO Insertion
---------------------------------------------------------------------------------
---------------------------------------------------------------------------------
Finished Flattening Before IO Insertion
---------------------------------------------------------------------------------
---------------------------------------------------------------------------------
Start Final Netlist Cleanup
---------------------------------------------------------------------------------
---------------------------------------------------------------------------------
Finished Final Netlist Cleanup
---------------------------------------------------------------------------------
---------------------------------------------------------------------------------
Finished IO Insertion : Time (s): cpu = 00:00:15 ; elapsed = 00:00:18 . Memory (MB): peak = 2006.406 ; gain = 384.094 ; free physical = 735 ; free virtual = 3924
---------------------------------------------------------------------------------

Report Check Netlist: 
+------+------------------+-------+---------+-------+------------------+
|      |Item              |Errors |Warnings |Status |Description       |
+------+------------------+-------+---------+-------+------------------+
|1     |multi_driven_nets |      0|        0|Passed |Multi driven nets |
+------+------------------+-------+---------+-------+------------------+
---------------------------------------------------------------------------------
Start Renaming Generated Instances
---------------------------------------------------------------------------------
---------------------------------------------------------------------------------
Finished Renaming Generated Instances : Time (s): cpu = 00:00:15 ; elapsed = 00:00:18 . Memory (MB): peak = 2006.406 ; gain = 384.094 ; free physical = 735 ; free virtual = 3924
---------------------------------------------------------------------------------

Report RTL Partitions: 
+-+--------------+------------+----------+
| |RTL Partition |Replication |Instances |
+-+--------------+------------+----------+
+-+--------------+------------+----------+
---------------------------------------------------------------------------------
Start Rebuilding User Hierarchy
---------------------------------------------------------------------------------
---------------------------------------------------------------------------------
Finished Rebuilding User Hierarchy : Time (s): cpu = 00:00:15 ; elapsed = 00:00:18 . Memory (MB): peak = 2006.406 ; gain = 384.094 ; free physical = 731 ; free virtual = 3924
---------------------------------------------------------------------------------
---------------------------------------------------------------------------------
Start Renaming Generated Ports
---------------------------------------------------------------------------------
---------------------------------------------------------------------------------
Finished Renaming Generated Ports : Time (s): cpu = 00:00:15 ; elapsed = 00:00:18 . Memory (MB): peak = 2006.406 ; gain = 384.094 ; free physical = 731 ; free virtual = 3924
---------------------------------------------------------------------------------
---------------------------------------------------------------------------------
Start Handling Custom Attributes
---------------------------------------------------------------------------------
---------------------------------------------------------------------------------
Finished Handling Custom Attributes : Time (s): cpu = 00:00:15 ; elapsed = 00:00:18 . Memory (MB): peak = 2006.406 ; gain = 384.094 ; free physical = 731 ; free virtual = 3924
---------------------------------------------------------------------------------
---------------------------------------------------------------------------------
Start Renaming Generated Nets
---------------------------------------------------------------------------------
---------------------------------------------------------------------------------
Finished Renaming Generated Nets : Time (s): cpu = 00:00:15 ; elapsed = 00:00:18 . Memory (MB): peak = 2006.406 ; gain = 384.094 ; free physical = 731 ; free virtual = 3924
---------------------------------------------------------------------------------
---------------------------------------------------------------------------------
Start Writing Synthesis Report
---------------------------------------------------------------------------------

Report BlackBoxes: 
+-+--------------+----------+
| |BlackBox name |Instances |
+-+--------------+----------+
+-+--------------+----------+

Report Cell Usage: 
+------+-------+------+
|      |Cell   |Count |
+------+-------+------+
|1     |BUFG   |     2|
|2     |CARRY4 |     5|
|3     |LUT1   |    10|
|4     |LUT3   |     8|
|5     |FDCE   |     8|
|6     |FDRE   |    20|
|7     |IBUF   |     5|
|8     |OBUF   |    24|
+------+-------+------+

Report Instance Areas: 
+------+------------+-------------------+------+
|      |Instance    |Module             |Cells |
+------+------------+-------------------+------+
|1     |top         |                   |    82|
|2     |  DUT       |shift_reg          |    16|
|3     |  ssc       |sev_seg_controller |    35|
|4     |    counter |counter_n_bit      |    35|
+------+------------+-------------------+------+
---------------------------------------------------------------------------------
Finished Writing Synthesis Report : Time (s): cpu = 00:00:15 ; elapsed = 00:00:18 . Memory (MB): peak = 2006.406 ; gain = 384.094 ; free physical = 727 ; free virtual = 3924
---------------------------------------------------------------------------------
Synthesis finished with 0 errors, 0 critical warnings and 15 warnings.
Synthesis Optimization Runtime : Time (s): cpu = 00:00:13 ; elapsed = 00:00:16 . Memory (MB): peak = 2006.406 ; gain = 211.438 ; free physical = 753 ; free virtual = 3967
Synthesis Optimization Complete : Time (s): cpu = 00:00:15 ; elapsed = 00:00:18 . Memory (MB): peak = 2006.406 ; gain = 384.094 ; free physical = 753 ; free virtual = 3966
INFO: [Project 1-571] Translating synthesized netlist
INFO: [Netlist 29-17] Analyzing 5 Unisim elements for replacement
INFO: [Netlist 29-28] Unisim Transformation completed in 0 CPU seconds
INFO: [Project 1-570] Preparing netlist for logic optimization
INFO: [Opt 31-138] Pushed 0 inverter(s) to 0 load pin(s).
Netlist sorting complete. Time (s): cpu = 00:00:00 ; elapsed = 00:00:00 . Memory (MB): peak = 2006.406 ; gain = 0.000 ; free physical = 745 ; free virtual = 3930
INFO: [Project 1-111] Unisim Transformation Summary:
No Unisim elements were transformed.

INFO: [Common 17-83] Releasing license: Synthesis
24 Infos, 31 Warnings, 1 Critical Warnings and 0 Errors encountered.
synth_design completed successfully
synth_design: Time (s): cpu = 00:00:19 ; elapsed = 00:00:22 . Memory (MB): peak = 2006.406 ; gain = 611.066 ; free physical = 818 ; free virtual = 4002
Netlist sorting complete. Time (s): cpu = 00:00:00 ; elapsed = 00:00:00 . Memory (MB): peak = 2006.406 ; gain = 0.000 ; free physical = 818 ; free virtual = 4002
WARNING: [Constraints 18-5210] No constraints selected for write.
Resolution: This message can indicate that there are no constraints for the design, or it can indicate that the used_in flags are set such that the constraints are ignored. This later case is used when running synth_design to not write synthesis constraints to the resulting checkpoint. Instead, project constraints are read when the synthesized design is opened.
INFO: [Common 17-1381] The checkpoint '/home/rur1k/Vpro/shift_freqDivider_Lab/shift_freqDivider_Lab.runs/synth_1/imp_shift.dcp' has been generated.
INFO: [runtcl-4] Executing : report_utilization -file imp_shift_utilization_synth.rpt -pb imp_shift_utilization_synth.pb
INFO: [Common 17-206] Exiting Vivado at Wed Nov 20 14:34:25 2024...
